<?xml version="1.0" encoding="UTF-8"?>
<!-- Generated by org.testng.reporters.JUnitReportReporter -->
<testsuite hostname="RU_TB1" failures="0" tests="1" name="com.tbs.shop.utilities.screenshot" time="4.167" errors="0" timestamp="07 Jun 2022 10:22:18 GMT" skipped="0">
  <testcase classname="com.tbs.shop.utilities.screenshot" name="test" time="4.167"/>
</testsuite> <!-- com.tbs.shop.utilities.screenshot -->
