<?xml version="1.0" encoding="UTF-8"?>
<!-- Generated by org.testng.reporters.JUnitReportReporter -->
<testsuite hostname="TBS-25" failures="0" tests="1" name="testscript.Testing" time="0.937" errors="0" timestamp="01 Aug 2022 10:26:10 GMT" skipped="0">
  <testcase classname="testscript.Testing" name="testobjects" time="0.937"/>
</testsuite> <!-- testscript.Testing -->
