<?xml version="1.0" encoding="UTF-8"?>
<!-- Generated by org.testng.reporters.JUnitReportReporter -->
<testsuite hostname="TBS-25" failures="0" tests="3" name="testscript.Itemfamily" time="239.859" errors="0" timestamp="02 Aug 2022 10:56:37 GMT" skipped="0">
  <testcase classname="testscript.Itemfamily" name="itemfamilyscript" time="122.397"/>
  <testcase classname="testscript.Itemfamily" name="itemFamilyedit" time="90.339"/>
  <testcase classname="testscript.Itemfamily" name="itemFamilydelete" time="27.123"/>
</testsuite> <!-- testscript.Itemfamily -->
