<?xml version="1.0" encoding="UTF-8"?>
<!-- Generated by org.testng.reporters.JUnitReportReporter -->

<testsuite hostname="TBS-25" failures="0" tests="3" name="testscript.Login" time="0.474" errors="0" timestamp="01 Sep 2022 09:28:09 GMT" skipped="1">
  <testcase classname="testscript.Login" name="browseropen" time="0.029"/>
  <testcase classname="testscript.Login" name="validlogin" time="0.445"/>

<testsuite hostname="TBS-20" failures="0" tests="3" name="testscript.Login" time="0.430" errors="0" timestamp="16 Aug 2022 10:02:58 GMT" skipped="1">
  <testcase classname="testscript.Login" name="browseropen" time="0.031"/>
  <testcase classname="testscript.Login" name="validlogin" time="0.399"/>

  <testcase classname="testscript.Login" name="validloginsession">
    <skipped/>
  </testcase> <!-- validloginsession -->
</testsuite> <!-- testscript.Login -->
