<?xml version="1.0" encoding="UTF-8"?>
<!-- Generated by org.testng.reporters.JUnitReportReporter -->
<testsuite hostname="TBS-21" failures="0" tests="1" name="com.org.tbs.securitytest.owaspintegration" time="58.283" errors="0" timestamp="28 Dec 2022 09:35:40 GMT" skipped="0">
  <testcase classname="com.org.tbs.securitytest.owaspintegration" name="launchUrl" time="58.283"/>
</testsuite> <!-- com.org.tbs.securitytest.owaspintegration -->
