<?xml version="1.0" encoding="UTF-8"?>
<!-- Generated by org.testng.reporters.JUnitReportReporter -->
<testsuite hostname="TBS-21" failures="0" tests="2" name="com.org.tbs.apitestingresassured.getRequestDemo" time="3.136" errors="0" timestamp="28 Dec 2022 10:39:30 GMT" skipped="0">
  <testcase classname="com.org.tbs.apitestingresassured.getRequestDemo" name="postReq" time="0.131"/>
  <testcase classname="com.org.tbs.apitestingresassured.getRequestDemo" name="jsconexample" time="3.005"/>
</testsuite> <!-- com.org.tbs.apitestingresassured.getRequestDemo -->
