<?xml version="1.0" encoding="UTF-8"?>
<!-- Generated by org.testng.reporters.JUnitReportReporter -->
<testsuite hostname="DESKTOP-HIFRQD1" failures="0" tests="1" name="tests.ItemMenuClassFamily" time="23.177" errors="0" timestamp="25 May 2022 06:15:11 GMT" skipped="0">
  <testcase classname="tests.ItemMenuClassFamily" name="menus" time="23.177"/>
</testsuite> <!-- tests.ItemMenuClassFamily -->
