<?xml version="1.0" encoding="UTF-8"?>
<!-- Generated by org.testng.reporters.JUnitReportReporter -->
<testsuite hostname="TBS-21" failures="0" tests="1" name="TestScript.Document" time="5.543" errors="0" timestamp="31 Oct 2022 06:01:42 GMT" skipped="0">
  <testcase classname="TestScript.Document" name="docscript" time="5.543"/>
</testsuite> <!-- TestScript.Document -->
