<?xml version="1.0" encoding="UTF-8"?>
<!-- Generated by org.testng.reporters.JUnitReportReporter -->
<testsuite hostname="TBS-21" failures="0" tests="1" name="TestScript.Loan" time="3.405" errors="0" timestamp="28 Oct 2022 12:35:47 GMT" skipped="0">
  <testcase classname="TestScript.Loan" name="loanscript" time="3.405"/>
</testsuite> <!-- TestScript.Loan -->
