<?xml version="1.0" encoding="UTF-8"?>
<!-- Generated by org.testng.reporters.JUnitReportReporter -->
<testsuite hostname="TBS-21" failures="0" tests="1" name="Script.Suggestion" time="3.480" errors="0" timestamp="01 Nov 2022 10:33:17 GMT" skipped="0">
  <testcase classname="Script.Suggestion" name="script" time="3.480"/>
</testsuite> <!-- Script.Suggestion -->
