<?xml version="1.0" encoding="UTF-8"?>
<!-- Generated by org.testng.reporters.JUnitReportReporter -->
<testsuite hostname="TBS-21" failures="0" tests="1" name="Script.Login" time="5.994" errors="0" timestamp="03 Nov 2022 11:09:31 GMT" skipped="0">
  <testcase classname="Script.Login" name="Oaslogin" time="5.994"/>
</testsuite> <!-- Script.Login -->
