<?xml version="1.0" encoding="UTF-8"?>
<!-- Generated by org.testng.reporters.JUnitReportReporter -->
<testsuite hostname="TBS-21" failures="0" tests="1" name="TestScript.Resignation" time="7.914" errors="0" timestamp="28 Oct 2022 07:25:42 GMT" skipped="0">
  <testcase classname="TestScript.Resignation" name="resignapply" time="7.914"/>
</testsuite> <!-- TestScript.Resignation -->
