<?xml version="1.0" encoding="UTF-8"?>
<!-- Generated by org.testng.reporters.JUnitReportReporter -->
<testsuite hostname="TBS-21" failures="0" tests="2" name="TestScript.LaunchandLogin" time="2.391" errors="0" timestamp="01 Nov 2022 03:58:28 GMT" skipped="0">
  <testcase classname="TestScript.LaunchandLogin" name="browseropen" time="0.067"/>
  <testcase classname="TestScript.LaunchandLogin" name="validlogin" time="2.324"/>
</testsuite> <!-- TestScript.LaunchandLogin -->
