<?xml version="1.0" encoding="UTF-8"?>
<!-- Generated by org.testng.reporters.JUnitReportReporter -->
<testsuite hostname="TBS-21" failures="0" tests="1" name="TestScript.Benefits" time="1.779" errors="0" timestamp="31 Oct 2022 05:54:26 GMT" skipped="0">
  <testcase classname="TestScript.Benefits" name="benscript" time="1.779"/>
</testsuite> <!-- TestScript.Benefits -->
