<?xml version="1.0" encoding="UTF-8"?>
<!-- Generated by org.testng.reporters.JUnitReportReporter -->
<testsuite hostname="TBS-21" failures="0" tests="1" name="Script.Logout" time="0.439" errors="0" timestamp="01 Nov 2022 11:20:17 GMT" skipped="0">
  <testcase classname="Script.Logout" name="proscript" time="0.439"/>
</testsuite> <!-- Script.Logout -->
