<?xml version="1.0" encoding="UTF-8"?>
<!-- Generated by org.testng.reporters.JUnitReportReporter -->
<testsuite hostname="TBS-21" failures="0" tests="1" name="Script.ForgotPassword" time="1.083" errors="0" timestamp="02 Nov 2022 10:10:32 GMT" skipped="0">
  <testcase classname="Script.ForgotPassword" name="forget" time="1.083"/>
</testsuite> <!-- Script.ForgotPassword -->
