<?xml version="1.0" encoding="UTF-8"?>
<!-- Generated by org.testng.reporters.JUnitReportReporter -->
<testsuite hostname="TBS-21" failures="0" tests="1" name="Script.AboutUs" time="0.351" errors="0" timestamp="02 Nov 2022 10:03:52 GMT" skipped="0">
  <testcase classname="Script.AboutUs" name="abscript" time="0.351"/>
</testsuite> <!-- Script.AboutUs -->
