<?xml version="1.0" encoding="UTF-8"?>
<!-- Generated by org.testng.reporters.JUnitReportReporter -->
<testsuite hostname="DESKTOP-HIFRQD1" failures="0" tests="2" name="tests.BillingTable" time="0.540" errors="0" timestamp="20 May 2022 08:37:56 GMT" skipped="0">
  <testcase classname="tests.BillingTable" name="billingtableheadiingcheck" time="0.082"/>
  <testcase classname="tests.BillingTable" name="billingitemverification" time="0.458"/>
</testsuite> <!-- tests.BillingTable -->
