<?xml version="1.0" encoding="UTF-8"?>
<!-- Generated by org.testng.reporters.JUnitReportReporter -->
<testsuite hostname="DESKTOP-HIFRQD1" failures="0" tests="3" name="tests.Tablesfunc" time="112.814" errors="0" timestamp="25 May 2022 06:15:11 GMT" skipped="0">
  <testcase classname="tests.Tablesfunc" name="tablesvalidation" time="2.918"/>
  <testcase classname="tests.Tablesfunc" name="tablesUI" time="0.239"/>
  <testcase classname="tests.Tablesfunc" name="selectpersons" time="109.657"/>
</testsuite> <!-- tests.Tablesfunc -->
