<?xml version="1.0" encoding="UTF-8"?>
<!-- Generated by org.testng.reporters.JUnitReportReporter -->
<testsuite hostname="TBS-21" failures="0" tests="1" name="TestScript.Transfer" time="5.224" errors="0" timestamp="28 Oct 2022 12:34:13 GMT" skipped="0">
  <testcase classname="TestScript.Transfer" name="Transferreq" time="5.224"/>
</testsuite> <!-- TestScript.Transfer -->
