<?xml version="1.0" encoding="UTF-8"?>
<!-- Generated by org.testng.reporters.JUnitReportReporter -->
<testsuite hostname="TBS-21" failures="0" tests="1" name="Script.Location" time="0.308" errors="0" timestamp="01 Nov 2022 12:18:55 GMT" skipped="0">
  <testcase classname="Script.Location" name="locsrcipt" time="0.308"/>
</testsuite> <!-- Script.Location -->
