<?xml version="1.0" encoding="UTF-8"?>
<!-- Generated by org.testng.reporters.JUnitReportReporter -->
<testsuite hostname="TBS-21" failures="0" tests="1" name="TestScript.EndofService" time="6.921" errors="0" timestamp="28 Oct 2022 07:38:53 GMT" skipped="0">
  <testcase classname="TestScript.EndofService" name="eosscript" time="6.921"/>
</testsuite> <!-- TestScript.EndofService -->
