<?xml version="1.0" encoding="UTF-8"?>
<!-- Generated by org.testng.reporters.JUnitReportReporter -->
<testsuite hostname="DESKTOP-HIFRQD1" failures="0" tests="3" name="tests.Login" time="1.870" errors="0" timestamp="25 May 2022 06:15:11 GMT" skipped="0">
  <testcase classname="tests.Login" name="validloginsession" time="1.333"/>
  <testcase classname="tests.Login" name="validlogin" time="0.513"/>
  <testcase classname="tests.Login" name="browseropen" time="0.024"/>
</testsuite> <!-- tests.Login -->
