<?xml version="1.0" encoding="UTF-8"?>
<!-- Generated by org.testng.reporters.JUnitReportReporter -->
<testsuite hostname="DESKTOP-HIFRQD1" failures="0" tests="1" name="tests.Footer" time="0.157" errors="0" timestamp="20 May 2022 08:37:56 GMT" skipped="0">
  <testcase classname="tests.Footer" name="footer" time="0.157"/>
</testsuite> <!-- tests.Footer -->
