<?xml version="1.0" encoding="UTF-8"?>
<!-- Generated by org.testng.reporters.JUnitReportReporter -->
<testsuite hostname="DESKTOP-HIFRQD1" failures="0" tests="2" name="tests.Orderandpayment" time="0.341" errors="0" timestamp="17 May 2022 04:19:57 GMT" skipped="0">
  <testcase classname="tests.Orderandpayment" name="configchange" time="0.036"/>
  <testcase classname="tests.Orderandpayment" name="paymentorder" time="0.305"/>
</testsuite> <!-- tests.Orderandpayment -->
