<?xml version="1.0" encoding="UTF-8"?>
<!-- Generated by org.testng.reporters.JUnitReportReporter -->
<testsuite hostname="TBS-21" failures="0" tests="1" name="Script.MyAppointments" time="3.188" errors="0" timestamp="02 Nov 2022 11:46:51 GMT" skipped="0">
  <testcase classname="Script.MyAppointments" name="myap" time="3.188"/>
</testsuite> <!-- Script.MyAppointments -->
