<?xml version="1.0" encoding="UTF-8"?>
<!-- Generated by org.testng.reporters.JUnitReportReporter -->
<testsuite hostname="TBS-21" failures="0" tests="1" name="TestScript.Assets" time="4.995" errors="0" timestamp="31 Oct 2022 05:59:49 GMT" skipped="0">
  <testcase classname="TestScript.Assets" name="Assetscript" time="4.995"/>
</testsuite> <!-- TestScript.Assets -->
