<?xml version="1.0" encoding="UTF-8"?>
<!-- Generated by org.testng.reporters.JUnitReportReporter -->
<testsuite hostname="DESKTOP-HIFRQD1" failures="0" tests="1" name="tests.Billbreakup" time="0.283" errors="0" timestamp="20 May 2022 08:37:56 GMT" skipped="0">
  <testcase classname="tests.Billbreakup" name="breakup" time="0.283"/>
</testsuite> <!-- tests.Billbreakup -->
