<?xml version="1.0" encoding="UTF-8"?>
<!-- Generated by org.testng.reporters.JUnitReportReporter -->
<testsuite hostname="DESKTOP-HIFRQD1" failures="0" tests="2" name="tests.Ordercreation" time="20.058" errors="0" timestamp="25 May 2022 06:15:09 GMT" skipped="0">
  <testcase classname="tests.Ordercreation" name="precreateorder" time="20.020"/>
  <testcase classname="tests.Ordercreation" name="aconfigchange" time="0.038"/>
</testsuite> <!-- tests.Ordercreation -->
