<?xml version="1.0" encoding="UTF-8"?>
<!-- Generated by org.testng.reporters.JUnitReportReporter -->
<testsuite hostname="TBS-21" failures="0" tests="1" name="TestScript.Delegation" time="7.292" errors="0" timestamp="31 Oct 2022 05:20:32 GMT" skipped="0">
  <testcase classname="TestScript.Delegation" name="delescript" time="7.292"/>
</testsuite> <!-- TestScript.Delegation -->
