<?xml version="1.0" encoding="UTF-8"?>
<!-- Generated by org.testng.reporters.JUnitReportReporter -->
<testsuite hostname="DESKTOP-HIFRQD1" failures="0" tests="5" name="tests.Reservation" time="5.677" errors="0" timestamp="20 May 2022 08:37:56 GMT" skipped="1">
  <testcase classname="tests.Reservation" name="tablevalue" time="0.570"/>
  <testcase classname="tests.Reservation" name="reservationsave" time="4.413"/>
  <testcase classname="tests.Reservation" name="ReservationHome" time="0.109"/>
  <testcase classname="tests.Reservation" name="wholetablevalue2" time="0.585"/>
  <testcase classname="tests.Reservation" name="reservationreset">
    <skipped/>
  </testcase> <!-- reservationreset -->
</testsuite> <!-- tests.Reservation -->
