<?xml version="1.0" encoding="UTF-8"?>
<!-- Generated by org.testng.reporters.JUnitReportReporter -->
<testsuite hostname="TBS-21" failures="0" tests="1" name="Script.Notification" time="0.732" errors="0" timestamp="03 Nov 2022 06:39:08 GMT" skipped="0">
  <testcase classname="Script.Notification" name="noscript" time="0.732"/>
</testsuite> <!-- Script.Notification -->
