<?xml version="1.0" encoding="UTF-8"?>
<!-- Generated by org.testng.reporters.JUnitReportReporter -->
<testsuite hostname="TBS-21" failures="0" tests="1" name="TestScript.LocalTraining" time="4.051" errors="0" timestamp="28 Oct 2022 12:21:29 GMT" skipped="0">
  <testcase classname="TestScript.LocalTraining" name="LTrequest" time="4.051"/>
</testsuite> <!-- TestScript.LocalTraining -->
