<?xml version="1.0" encoding="UTF-8"?>
<!-- Generated by org.testng.reporters.JUnitReportReporter -->
<testsuite hostname="TBS-21" failures="0" tests="1" name="Script.SignUp" time="2.627" errors="0" timestamp="02 Nov 2022 07:04:12 GMT" skipped="0">
  <testcase classname="Script.SignUp" name="signscript" time="2.627"/>
</testsuite> <!-- Script.SignUp -->
