<?xml version="1.0" encoding="UTF-8"?>
<!-- Generated by org.testng.reporters.JUnitReportReporter -->
<testsuite hostname="DESKTOP-HIFRQD1" failures="0" tests="4" name="tests.Orders" time="984.839" errors="0" timestamp="25 May 2022 06:15:11 GMT" skipped="1">
  <testcase classname="tests.Orders" name="dorderselection" time="981.781"/>
  <testcase classname="tests.Orders" name="aOrdersValidation" time="2.847"/>
  <testcase classname="tests.Orders" name="cOrdersCountCheck" time="0.211"/>
  <testcase classname="tests.Orders" name="bOrderstypeCheck">
    <skipped/>
  </testcase> <!-- bOrderstypeCheck -->
</testsuite> <!-- tests.Orders -->
