<?xml version="1.0" encoding="UTF-8"?>
<!-- Generated by org.testng.reporters.JUnitReportReporter -->
<testsuite hostname="TBS-21" failures="0" tests="1" name="Script.Logo" time="2.282" errors="0" timestamp="02 Nov 2022 10:14:13 GMT" skipped="0">
  <testcase classname="Script.Logo" name="log" time="2.282"/>
</testsuite> <!-- Script.Logo -->
