<?xml version="1.0" encoding="UTF-8"?>
<!-- Generated by org.testng.reporters.JUnitReportReporter -->
<testsuite hostname="DESKTOP-HIFRQD1" failures="0" tests="2" name="tests.Customer" time="1.303" errors="0" timestamp="17 May 2022 09:52:12 GMT" skipped="0">
  <testcase classname="tests.Customer" name="selectcustomer" time="0.478"/>
  <testcase classname="tests.Customer" name="newcustomer" time="0.825"/>
</testsuite> <!-- tests.Customer -->
