<?xml version="1.0" encoding="UTF-8"?>
<!-- Generated by org.testng.reporters.JUnitReportReporter -->
<testsuite hostname="TBS-21" failures="0" tests="1" name="TestScript.Goals" time="5.175" errors="0" timestamp="31 Oct 2022 05:25:03 GMT" skipped="0">
  <testcase classname="TestScript.Goals" name="goalscript" time="5.175"/>
</testsuite> <!-- TestScript.Goals -->
