<?xml version="1.0" encoding="UTF-8"?>
<!-- Generated by org.testng.reporters.JUnitReportReporter -->
<testsuite hostname="DESKTOP-HIFRQD1" failures="0" tests="1" name="tests.test" time="10.173" errors="0" timestamp="17 May 2022 04:46:18 GMT" skipped="0">
  <testcase classname="tests.test" name="breakup" time="10.173"/>
</testsuite> <!-- tests.test -->
