<?xml version="1.0" encoding="UTF-8"?>
<!-- Generated by org.testng.reporters.JUnitReportReporter -->
<testsuite hostname="TBS-21" failures="0" tests="1" name="TestScript.Certificates" time="6.184" errors="0" timestamp="31 Oct 2022 07:50:55 GMT" skipped="0">
  <testcase classname="TestScript.Certificates" name="salarydoc" time="6.184"/>
</testsuite> <!-- TestScript.Certificates -->
